<?xml version="1.0" encoding="UTF-8"?>
<!-- Generated by org.testng.reporters.JUnitReportReporter -->
<testsuite hostname="Rithan-PC" name="simpleproject.NewTest" tests="1" failures="0" timestamp="30 Jun 2018 03:20:19 GMT" time="9.134" errors="0">
  <testcase name="openMyBlog" time="9.134" classname="simpleproject.NewTest"/>
</testsuite> <!-- simpleproject.NewTest -->
